[2016-04-13 04:20:41] lumen.ERROR: ErrorException: Use of undefined constant desc - assumed 'desc' in E:\ffacb7a1c8d6ce1af916b8c86a0c3ad2e028abad.php:74
Stack trace:
#0 E:\ffacb7a1c8d6ce1af916b8c86a0c3ad2e028abad.php(74): Laravel\Lumen\Application->Laravel\Lumen\Concerns\{closure}(8, 'Use of undefine...', 'E:\\ffacb7a1c8d6...', 74, Array)
#1 E:\WWW\mall\vendor\illuminate\view\Engines\PhpEngine.php(42): include('E:\\ffacb7a1c8d6...')
#2 E:\WWW\mall\vendor\illuminate\view\Engines\CompilerEngine.php(59): Illuminate\View\Engines\PhpEngine->evaluatePath('/ffacb7a1c8d6ce...', Array)
#3 E:\WWW\mall\vendor\illuminate\view\View.php(147): Illuminate\View\Engines\CompilerEngine->get('E:\\WWW\\mall\\res...', Array)
#4 E:\WWW\mall\vendor\illuminate\view\View.php(118): Illuminate\View\View->getContents()
#5 E:\WWW\mall\vendor\illuminate\view\View.php(83): Illuminate\View\View->renderContents()
#6 E:\WWW\mall\vendor\illuminate\http\Response.php(53): Illuminate\View\View->render()
#7 E:\WWW\mall\vendor\symfony\http-foundation\Response.php(199): Illuminate\Http\Response->setContent(Object(Illuminate\View\View))
#8 E:\WWW\mall\vendor\laravel\lumen-framework\src\Http\ResponseFactory.php(23): Symfony\Component\HttpFoundation\Response->__construct(Object(Illuminate\View\View), 200, Array)
#9 E:\WWW\mall\vendor\laravel\lumen-framework\src\helpers.php(267): Laravel\Lumen\Http\ResponseFactory->make(Object(Illuminate\View\View), 200, Array)
#10 E:\WWW\mall\app\Services\Routes.php(79): response(Object(Illuminate\View\View))
#11 [internal function]: App\Services\Routes->App\Services\{closure}('index/detail')
#12 E:\WWW\mall\vendor\illuminate\container\Container.php(507): call_user_func_array(Object(Closure), Array)
#13 E:\WWW\mall\vendor\laravel\lumen-framework\src\Concerns\RoutesRequests.php(505): Illuminate\Container\Container->call(Object(Closure), Array)
#14 E:\WWW\mall\vendor\laravel\lumen-framework\src\Concerns\RoutesRequests.php(479): Laravel\Lumen\Application->callActionOnArrayBasedRoute(Array)
#15 E:\WWW\mall\vendor\laravel\lumen-framework\src\Concerns\RoutesRequests.php(449): Laravel\Lumen\Application->handleFoundRoute(Array)
#16 E:\WWW\mall\vendor\laravel\lumen-framework\src\Concerns\RoutesRequests.php(380): Laravel\Lumen\Application->handleDispatcherResponse(Array)
#17 E:\WWW\mall\vendor\laravel\lumen-framework\src\Concerns\RoutesRequests.php(629): Laravel\Lumen\Application->Laravel\Lumen\Concerns\{closure}()
#18 E:\WWW\mall\vendor\laravel\lumen-framework\src\Concerns\RoutesRequests.php(382): Laravel\Lumen\Application->sendThroughPipeline(Array, Object(Closure))
#19 E:\WWW\mall\vendor\laravel\lumen-framework\src\Concerns\RoutesRequests.php(327): Laravel\Lumen\Application->dispatch(NULL)
#20 E:\WWW\mall\public\index.php(28): Laravel\Lumen\Application->run()
#21 {main}

Next ErrorException: Use of undefined constant desc - assumed 'desc' (View: E:\WWW\mall\resources\views\home\index\detail.blade.php) in E:\ffacb7a1c8d6ce1af916b8c86a0c3ad2e028abad.php:74
Stack trace:
#0 E:\WWW\mall\vendor\illuminate\view\Engines\PhpEngine.php(44): Illuminate\View\Engines\CompilerEngine->handleViewException(Object(ErrorException), 1)
#1 E:\WWW\mall\vendor\illuminate\view\Engines\CompilerEngine.php(59): Illuminate\View\Engines\PhpEngine->evaluatePath('/ffacb7a1c8d6ce...', Array)
#2 E:\WWW\mall\vendor\illuminate\view\View.php(147): Illuminate\View\Engines\CompilerEngine->get('E:\\WWW\\mall\\res...', Array)
#3 E:\WWW\mall\vendor\illuminate\view\View.php(118): Illuminate\View\View->getContents()
#4 E:\WWW\mall\vendor\illuminate\view\View.php(83): Illuminate\View\View->renderContents()
#5 E:\WWW\mall\vendor\illuminate\http\Response.php(53): Illuminate\View\View->render()
#6 E:\WWW\mall\vendor\symfony\http-foundation\Response.php(199): Illuminate\Http\Response->setContent(Object(Illuminate\View\View))
#7 E:\WWW\mall\vendor\laravel\lumen-framework\src\Http\ResponseFactory.php(23): Symfony\Component\HttpFoundation\Response->__construct(Object(Illuminate\View\View), 200, Array)
#8 E:\WWW\mall\vendor\laravel\lumen-framework\src\helpers.php(267): Laravel\Lumen\Http\ResponseFactory->make(Object(Illuminate\View\View), 200, Array)
#9 E:\WWW\mall\app\Services\Routes.php(79): response(Object(Illuminate\View\View))
#10 [internal function]: App\Services\Routes->App\Services\{closure}('index/detail')
#11 E:\WWW\mall\vendor\illuminate\container\Container.php(507): call_user_func_array(Object(Closure), Array)
#12 E:\WWW\mall\vendor\laravel\lumen-framework\src\Concerns\RoutesRequests.php(505): Illuminate\Container\Container->call(Object(Closure), Array)
#13 E:\WWW\mall\vendor\laravel\lumen-framework\src\Concerns\RoutesRequests.php(479): Laravel\Lumen\Application->callActionOnArrayBasedRoute(Array)
#14 E:\WWW\mall\vendor\laravel\lumen-framework\src\Concerns\RoutesRequests.php(449): Laravel\Lumen\Application->handleFoundRoute(Array)
#15 E:\WWW\mall\vendor\laravel\lumen-framework\src\Concerns\RoutesRequests.php(380): Laravel\Lumen\Application->handleDispatcherResponse(Array)
#16 E:\WWW\mall\vendor\laravel\lumen-framework\src\Concerns\RoutesRequests.php(629): Laravel\Lumen\Application->Laravel\Lumen\Concerns\{closure}()
#17 E:\WWW\mall\vendor\laravel\lumen-framework\src\Concerns\RoutesRequests.php(382): Laravel\Lumen\Application->sendThroughPipeline(Array, Object(Closure))
#18 E:\WWW\mall\vendor\laravel\lumen-framework\src\Concerns\RoutesRequests.php(327): Laravel\Lumen\Application->dispatch(NULL)
#19 E:\WWW\mall\public\index.php(28): Laravel\Lumen\Application->run()
#20 {main}  
[2016-04-13 07:24:05] lumen.ERROR: Symfony\Component\Debug\Exception\FatalThrowableError: Fatal error: Call to undefined function widget() in E:\75faeb177b1918b98c76f2e8a744e2bcdbb98366.php:44
Stack trace:
#0 E:\WWW\mall\vendor\illuminate\view\Engines\PhpEngine.php(42): include()
#1 E:\WWW\mall\vendor\illuminate\view\Engines\CompilerEngine.php(59): Illuminate\View\Engines\PhpEngine->evaluatePath('/75faeb177b1918...', Array)
#2 E:\WWW\mall\vendor\illuminate\view\View.php(147): Illuminate\View\Engines\CompilerEngine->get('E:\\WWW\\mall\\res...', Array)
#3 E:\WWW\mall\vendor\illuminate\view\View.php(118): Illuminate\View\View->getContents()
#4 E:\WWW\mall\vendor\illuminate\view\View.php(83): Illuminate\View\View->renderContents()
#5 E:\WWW\mall\vendor\illuminate\http\Response.php(53): Illuminate\View\View->render()
#6 E:\WWW\mall\vendor\symfony\http-foundation\Response.php(199): Illuminate\Http\Response->setContent(Object(Illuminate\View\View))
#7 E:\WWW\mall\vendor\laravel\lumen-framework\src\Concerns\RoutesRequests.php(643): Symfony\Component\HttpFoundation\Response->__construct(Object(Illuminate\View\View))
#8 E:\WWW\mall\vendor\laravel\lumen-framework\src\Concerns\RoutesRequests.php(586): Laravel\Lumen\Application->prepareResponse(Object(Illuminate\View\View))
#9 E:\WWW\mall\vendor\laravel\lumen-framework\src\Concerns\RoutesRequests.php(552): Laravel\Lumen\Application->callControllerCallable(Array, Array)
#10 E:\WWW\mall\vendor\laravel\lumen-framework\src\Concerns\RoutesRequests.php(526): Laravel\Lumen\Application->callLumenController(Object(App\Http\Controllers\Home\IndexController), 'index', Array)
#11 E:\WWW\mall\vendor\laravel\lumen-framework\src\Concerns\RoutesRequests.php(494): Laravel\Lumen\Application->callControllerAction(Array)
#12 E:\WWW\mall\vendor\laravel\lumen-framework\src\Concerns\RoutesRequests.php(479): Laravel\Lumen\Application->callActionOnArrayBasedRoute(Array)
#13 E:\WWW\mall\vendor\laravel\lumen-framework\src\Concerns\RoutesRequests.php(376): Laravel\Lumen\Application->handleFoundRoute(Array)
#14 E:\WWW\mall\vendor\laravel\lumen-framework\src\Concerns\RoutesRequests.php(629): Laravel\Lumen\Application->Laravel\Lumen\Concerns\{closure}()
#15 E:\WWW\mall\vendor\laravel\lumen-framework\src\Concerns\RoutesRequests.php(382): Laravel\Lumen\Application->sendThroughPipeline(Array, Object(Closure))
#16 E:\WWW\mall\vendor\laravel\lumen-framework\src\Concerns\RoutesRequests.php(327): Laravel\Lumen\Application->dispatch(NULL)
#17 E:\WWW\mall\public\index.php(28): Laravel\Lumen\Application->run()
#18 {main}

Next ErrorException: Fatal error: Call to undefined function widget() (View: E:\WWW\mall\resources\views\home\index\index.blade.php) in E:\75faeb177b1918b98c76f2e8a744e2bcdbb98366.php:44
Stack trace:
#0 E:\WWW\mall\vendor\illuminate\view\Engines\PhpEngine.php(46): Illuminate\View\Engines\CompilerEngine->handleViewException(Object(Symfony\Component\Debug\Exception\FatalThrowableError), 1)
#1 E:\WWW\mall\vendor\illuminate\view\Engines\CompilerEngine.php(59): Illuminate\View\Engines\PhpEngine->evaluatePath('/75faeb177b1918...', Array)
#2 E:\WWW\mall\vendor\illuminate\view\View.php(147): Illuminate\View\Engines\CompilerEngine->get('E:\\WWW\\mall\\res...', Array)
#3 E:\WWW\mall\vendor\illuminate\view\View.php(118): Illuminate\View\View->getContents()
#4 E:\WWW\mall\vendor\illuminate\view\View.php(83): Illuminate\View\View->renderContents()
#5 E:\WWW\mall\vendor\illuminate\http\Response.php(53): Illuminate\View\View->render()
#6 E:\WWW\mall\vendor\symfony\http-foundation\Response.php(199): Illuminate\Http\Response->setContent(Object(Illuminate\View\View))
#7 E:\WWW\mall\vendor\laravel\lumen-framework\src\Concerns\RoutesRequests.php(643): Symfony\Component\HttpFoundation\Response->__construct(Object(Illuminate\View\View))
#8 E:\WWW\mall\vendor\laravel\lumen-framework\src\Concerns\RoutesRequests.php(586): Laravel\Lumen\Application->prepareResponse(Object(Illuminate\View\View))
#9 E:\WWW\mall\vendor\laravel\lumen-framework\src\Concerns\RoutesRequests.php(552): Laravel\Lumen\Application->callControllerCallable(Array, Array)
#10 E:\WWW\mall\vendor\laravel\lumen-framework\src\Concerns\RoutesRequests.php(526): Laravel\Lumen\Application->callLumenController(Object(App\Http\Controllers\Home\IndexController), 'index', Array)
#11 E:\WWW\mall\vendor\laravel\lumen-framework\src\Concerns\RoutesRequests.php(494): Laravel\Lumen\Application->callControllerAction(Array)
#12 E:\WWW\mall\vendor\laravel\lumen-framework\src\Concerns\RoutesRequests.php(479): Laravel\Lumen\Application->callActionOnArrayBasedRoute(Array)
#13 E:\WWW\mall\vendor\laravel\lumen-framework\src\Concerns\RoutesRequests.php(376): Laravel\Lumen\Application->handleFoundRoute(Array)
#14 E:\WWW\mall\vendor\laravel\lumen-framework\src\Concerns\RoutesRequests.php(629): Laravel\Lumen\Application->Laravel\Lumen\Concerns\{closure}()
#15 E:\WWW\mall\vendor\laravel\lumen-framework\src\Concerns\RoutesRequests.php(382): Laravel\Lumen\Application->sendThroughPipeline(Array, Object(Closure))
#16 E:\WWW\mall\vendor\laravel\lumen-framework\src\Concerns\RoutesRequests.php(327): Laravel\Lumen\Application->dispatch(NULL)
#17 E:\WWW\mall\public\index.php(28): Laravel\Lumen\Application->run()
#18 {main}  
[2016-04-13 07:24:05] lumen.ERROR: Symfony\Component\Debug\Exception\FatalThrowableError: Fatal error: Call to undefined function widget() in E:\75faeb177b1918b98c76f2e8a744e2bcdbb98366.php:44
Stack trace:
#0 E:\WWW\mall\vendor\illuminate\view\Engines\PhpEngine.php(42): include()
#1 E:\WWW\mall\vendor\illuminate\view\Engines\CompilerEngine.php(59): Illuminate\View\Engines\PhpEngine->evaluatePath('/75faeb177b1918...', Array)
#2 E:\WWW\mall\vendor\illuminate\view\View.php(147): Illuminate\View\Engines\CompilerEngine->get('E:\\WWW\\mall\\res...', Array)
#3 E:\WWW\mall\vendor\illuminate\view\View.php(118): Illuminate\View\View->getContents()
#4 E:\WWW\mall\vendor\illuminate\view\View.php(83): Illuminate\View\View->renderContents()
#5 E:\WWW\mall\vendor\illuminate\http\Response.php(53): Illuminate\View\View->render()
#6 E:\WWW\mall\vendor\symfony\http-foundation\Response.php(199): Illuminate\Http\Response->setContent(Object(Illuminate\View\View))
#7 E:\WWW\mall\vendor\laravel\lumen-framework\src\Concerns\RoutesRequests.php(643): Symfony\Component\HttpFoundation\Response->__construct(Object(Illuminate\View\View))
#8 E:\WWW\mall\vendor\laravel\lumen-framework\src\Concerns\RoutesRequests.php(586): Laravel\Lumen\Application->prepareResponse(Object(Illuminate\View\View))
#9 E:\WWW\mall\vendor\laravel\lumen-framework\src\Concerns\RoutesRequests.php(552): Laravel\Lumen\Application->callControllerCallable(Array, Array)
#10 E:\WWW\mall\vendor\laravel\lumen-framework\src\Concerns\RoutesRequests.php(526): Laravel\Lumen\Application->callLumenController(Object(App\Http\Controllers\Home\IndexController), 'index', Array)
#11 E:\WWW\mall\vendor\laravel\lumen-framework\src\Concerns\RoutesRequests.php(494): Laravel\Lumen\Application->callControllerAction(Array)
#12 E:\WWW\mall\vendor\laravel\lumen-framework\src\Concerns\RoutesRequests.php(479): Laravel\Lumen\Application->callActionOnArrayBasedRoute(Array)
#13 E:\WWW\mall\vendor\laravel\lumen-framework\src\Concerns\RoutesRequests.php(376): Laravel\Lumen\Application->handleFoundRoute(Array)
#14 E:\WWW\mall\vendor\laravel\lumen-framework\src\Concerns\RoutesRequests.php(629): Laravel\Lumen\Application->Laravel\Lumen\Concerns\{closure}()
#15 E:\WWW\mall\vendor\laravel\lumen-framework\src\Concerns\RoutesRequests.php(382): Laravel\Lumen\Application->sendThroughPipeline(Array, Object(Closure))
#16 E:\WWW\mall\vendor\laravel\lumen-framework\src\Concerns\RoutesRequests.php(327): Laravel\Lumen\Application->dispatch(NULL)
#17 E:\WWW\mall\public\index.php(28): Laravel\Lumen\Application->run()
#18 {main}

Next ErrorException: Fatal error: Call to undefined function widget() (View: E:\WWW\mall\resources\views\home\index\index.blade.php) in E:\75faeb177b1918b98c76f2e8a744e2bcdbb98366.php:44
Stack trace:
#0 E:\WWW\mall\vendor\illuminate\view\Engines\PhpEngine.php(46): Illuminate\View\Engines\CompilerEngine->handleViewException(Object(Symfony\Component\Debug\Exception\FatalThrowableError), 1)
#1 E:\WWW\mall\vendor\illuminate\view\Engines\CompilerEngine.php(59): Illuminate\View\Engines\PhpEngine->evaluatePath('/75faeb177b1918...', Array)
#2 E:\WWW\mall\vendor\illuminate\view\View.php(147): Illuminate\View\Engines\CompilerEngine->get('E:\\WWW\\mall\\res...', Array)
#3 E:\WWW\mall\vendor\illuminate\view\View.php(118): Illuminate\View\View->getContents()
#4 E:\WWW\mall\vendor\illuminate\view\View.php(83): Illuminate\View\View->renderContents()
#5 E:\WWW\mall\vendor\illuminate\http\Response.php(53): Illuminate\View\View->render()
#6 E:\WWW\mall\vendor\symfony\http-foundation\Response.php(199): Illuminate\Http\Response->setContent(Object(Illuminate\View\View))
#7 E:\WWW\mall\vendor\laravel\lumen-framework\src\Concerns\RoutesRequests.php(643): Symfony\Component\HttpFoundation\Response->__construct(Object(Illuminate\View\View))
#8 E:\WWW\mall\vendor\laravel\lumen-framework\src\Concerns\RoutesRequests.php(586): Laravel\Lumen\Application->prepareResponse(Object(Illuminate\View\View))
#9 E:\WWW\mall\vendor\laravel\lumen-framework\src\Concerns\RoutesRequests.php(552): Laravel\Lumen\Application->callControllerCallable(Array, Array)
#10 E:\WWW\mall\vendor\laravel\lumen-framework\src\Concerns\RoutesRequests.php(526): Laravel\Lumen\Application->callLumenController(Object(App\Http\Controllers\Home\IndexController), 'index', Array)
#11 E:\WWW\mall\vendor\laravel\lumen-framework\src\Concerns\RoutesRequests.php(494): Laravel\Lumen\Application->callControllerAction(Array)
#12 E:\WWW\mall\vendor\laravel\lumen-framework\src\Concerns\RoutesRequests.php(479): Laravel\Lumen\Application->callActionOnArrayBasedRoute(Array)
#13 E:\WWW\mall\vendor\laravel\lumen-framework\src\Concerns\RoutesRequests.php(376): Laravel\Lumen\Application->handleFoundRoute(Array)
#14 E:\WWW\mall\vendor\laravel\lumen-framework\src\Concerns\RoutesRequests.php(629): Laravel\Lumen\Application->Laravel\Lumen\Concerns\{closure}()
#15 E:\WWW\mall\vendor\laravel\lumen-framework\src\Concerns\RoutesRequests.php(382): Laravel\Lumen\Application->sendThroughPipeline(Array, Object(Closure))
#16 E:\WWW\mall\vendor\laravel\lumen-framework\src\Concerns\RoutesRequests.php(327): Laravel\Lumen\Application->dispatch(NULL)
#17 E:\WWW\mall\public\index.php(28): Laravel\Lumen\Application->run()
#18 {main}  
[2016-04-13 07:41:04] lumen.ERROR: Symfony\Component\Debug\Exception\FatalThrowableError: Fatal error: Call to undefined function widget() in E:\75faeb177b1918b98c76f2e8a744e2bcdbb98366.php:44
Stack trace:
#0 E:\WWW\mall\vendor\illuminate\view\Engines\PhpEngine.php(42): include()
#1 E:\WWW\mall\vendor\illuminate\view\Engines\CompilerEngine.php(59): Illuminate\View\Engines\PhpEngine->evaluatePath('/75faeb177b1918...', Array)
#2 E:\WWW\mall\vendor\illuminate\view\View.php(147): Illuminate\View\Engines\CompilerEngine->get('E:\\WWW\\mall\\res...', Array)
#3 E:\WWW\mall\vendor\illuminate\view\View.php(118): Illuminate\View\View->getContents()
#4 E:\WWW\mall\vendor\illuminate\view\View.php(83): Illuminate\View\View->renderContents()
#5 E:\WWW\mall\vendor\illuminate\http\Response.php(53): Illuminate\View\View->render()
#6 E:\WWW\mall\vendor\symfony\http-foundation\Response.php(199): Illuminate\Http\Response->setContent(Object(Illuminate\View\View))
#7 E:\WWW\mall\vendor\laravel\lumen-framework\src\Concerns\RoutesRequests.php(643): Symfony\Component\HttpFoundation\Response->__construct(Object(Illuminate\View\View))
#8 E:\WWW\mall\vendor\laravel\lumen-framework\src\Concerns\RoutesRequests.php(586): Laravel\Lumen\Application->prepareResponse(Object(Illuminate\View\View))
#9 E:\WWW\mall\vendor\laravel\lumen-framework\src\Concerns\RoutesRequests.php(552): Laravel\Lumen\Application->callControllerCallable(Array, Array)
#10 E:\WWW\mall\vendor\laravel\lumen-framework\src\Concerns\RoutesRequests.php(526): Laravel\Lumen\Application->callLumenController(Object(App\Http\Controllers\Home\IndexController), 'index', Array)
#11 E:\WWW\mall\vendor\laravel\lumen-framework\src\Concerns\RoutesRequests.php(494): Laravel\Lumen\Application->callControllerAction(Array)
#12 E:\WWW\mall\vendor\laravel\lumen-framework\src\Concerns\RoutesRequests.php(479): Laravel\Lumen\Application->callActionOnArrayBasedRoute(Array)
#13 E:\WWW\mall\vendor\laravel\lumen-framework\src\Concerns\RoutesRequests.php(376): Laravel\Lumen\Application->handleFoundRoute(Array)
#14 E:\WWW\mall\vendor\laravel\lumen-framework\src\Concerns\RoutesRequests.php(629): Laravel\Lumen\Application->Laravel\Lumen\Concerns\{closure}()
#15 E:\WWW\mall\vendor\laravel\lumen-framework\src\Concerns\RoutesRequests.php(382): Laravel\Lumen\Application->sendThroughPipeline(Array, Object(Closure))
#16 E:\WWW\mall\vendor\laravel\lumen-framework\src\Concerns\RoutesRequests.php(327): Laravel\Lumen\Application->dispatch(NULL)
#17 E:\WWW\mall\public\index.php(28): Laravel\Lumen\Application->run()
#18 {main}

Next ErrorException: Fatal error: Call to undefined function widget() (View: E:\WWW\mall\resources\views\home\index\index.blade.php) in E:\75faeb177b1918b98c76f2e8a744e2bcdbb98366.php:44
Stack trace:
#0 E:\WWW\mall\vendor\illuminate\view\Engines\PhpEngine.php(46): Illuminate\View\Engines\CompilerEngine->handleViewException(Object(Symfony\Component\Debug\Exception\FatalThrowableError), 1)
#1 E:\WWW\mall\vendor\illuminate\view\Engines\CompilerEngine.php(59): Illuminate\View\Engines\PhpEngine->evaluatePath('/75faeb177b1918...', Array)
#2 E:\WWW\mall\vendor\illuminate\view\View.php(147): Illuminate\View\Engines\CompilerEngine->get('E:\\WWW\\mall\\res...', Array)
#3 E:\WWW\mall\vendor\illuminate\view\View.php(118): Illuminate\View\View->getContents()
#4 E:\WWW\mall\vendor\illuminate\view\View.php(83): Illuminate\View\View->renderContents()
#5 E:\WWW\mall\vendor\illuminate\http\Response.php(53): Illuminate\View\View->render()
#6 E:\WWW\mall\vendor\symfony\http-foundation\Response.php(199): Illuminate\Http\Response->setContent(Object(Illuminate\View\View))
#7 E:\WWW\mall\vendor\laravel\lumen-framework\src\Concerns\RoutesRequests.php(643): Symfony\Component\HttpFoundation\Response->__construct(Object(Illuminate\View\View))
#8 E:\WWW\mall\vendor\laravel\lumen-framework\src\Concerns\RoutesRequests.php(586): Laravel\Lumen\Application->prepareResponse(Object(Illuminate\View\View))
#9 E:\WWW\mall\vendor\laravel\lumen-framework\src\Concerns\RoutesRequests.php(552): Laravel\Lumen\Application->callControllerCallable(Array, Array)
#10 E:\WWW\mall\vendor\laravel\lumen-framework\src\Concerns\RoutesRequests.php(526): Laravel\Lumen\Application->callLumenController(Object(App\Http\Controllers\Home\IndexController), 'index', Array)
#11 E:\WWW\mall\vendor\laravel\lumen-framework\src\Concerns\RoutesRequests.php(494): Laravel\Lumen\Application->callControllerAction(Array)
#12 E:\WWW\mall\vendor\laravel\lumen-framework\src\Concerns\RoutesRequests.php(479): Laravel\Lumen\Application->callActionOnArrayBasedRoute(Array)
#13 E:\WWW\mall\vendor\laravel\lumen-framework\src\Concerns\RoutesRequests.php(376): Laravel\Lumen\Application->handleFoundRoute(Array)
#14 E:\WWW\mall\vendor\laravel\lumen-framework\src\Concerns\RoutesRequests.php(629): Laravel\Lumen\Application->Laravel\Lumen\Concerns\{closure}()
#15 E:\WWW\mall\vendor\laravel\lumen-framework\src\Concerns\RoutesRequests.php(382): Laravel\Lumen\Application->sendThroughPipeline(Array, Object(Closure))
#16 E:\WWW\mall\vendor\laravel\lumen-framework\src\Concerns\RoutesRequests.php(327): Laravel\Lumen\Application->dispatch(NULL)
#17 E:\WWW\mall\public\index.php(28): Laravel\Lumen\Application->run()
#18 {main}  
[2016-04-13 07:57:56] lumen.ERROR: InvalidArgumentException: View [layouts.common] not found. in E:\WWW\mall\vendor\illuminate\view\FileViewFinder.php:137
Stack trace:
#0 E:\WWW\mall\vendor\illuminate\view\FileViewFinder.php(79): Illuminate\View\FileViewFinder->findInPaths('layouts.common', Array)
#1 E:\WWW\mall\vendor\illuminate\view\Factory.php(165): Illuminate\View\FileViewFinder->find('layouts.common')
#2 E:\75faeb177b1918b98c76f2e8a744e2bcdbb98366.php(74): Illuminate\View\Factory->make('layouts.common', Array)
#3 E:\WWW\mall\vendor\illuminate\view\Engines\PhpEngine.php(42): include('E:\\75faeb177b19...')
#4 E:\WWW\mall\vendor\illuminate\view\Engines\CompilerEngine.php(59): Illuminate\View\Engines\PhpEngine->evaluatePath('/75faeb177b1918...', Array)
#5 E:\WWW\mall\vendor\illuminate\view\View.php(147): Illuminate\View\Engines\CompilerEngine->get('E:\\WWW\\mall\\res...', Array)
#6 E:\WWW\mall\vendor\illuminate\view\View.php(118): Illuminate\View\View->getContents()
#7 E:\WWW\mall\vendor\illuminate\view\View.php(83): Illuminate\View\View->renderContents()
#8 E:\WWW\mall\vendor\illuminate\http\Response.php(53): Illuminate\View\View->render()
#9 E:\WWW\mall\vendor\symfony\http-foundation\Response.php(199): Illuminate\Http\Response->setContent(Object(Illuminate\View\View))
#10 E:\WWW\mall\vendor\laravel\lumen-framework\src\Concerns\RoutesRequests.php(643): Symfony\Component\HttpFoundation\Response->__construct(Object(Illuminate\View\View))
#11 E:\WWW\mall\vendor\laravel\lumen-framework\src\Concerns\RoutesRequests.php(586): Laravel\Lumen\Application->prepareResponse(Object(Illuminate\View\View))
#12 E:\WWW\mall\vendor\laravel\lumen-framework\src\Concerns\RoutesRequests.php(552): Laravel\Lumen\Application->callControllerCallable(Array, Array)
#13 E:\WWW\mall\vendor\laravel\lumen-framework\src\Concerns\RoutesRequests.php(526): Laravel\Lumen\Application->callLumenController(Object(App\Http\Controllers\Home\IndexController), 'index', Array)
#14 E:\WWW\mall\vendor\laravel\lumen-framework\src\Concerns\RoutesRequests.php(494): Laravel\Lumen\Application->callControllerAction(Array)
#15 E:\WWW\mall\vendor\laravel\lumen-framework\src\Concerns\RoutesRequests.php(479): Laravel\Lumen\Application->callActionOnArrayBasedRoute(Array)
#16 E:\WWW\mall\vendor\laravel\lumen-framework\src\Concerns\RoutesRequests.php(376): Laravel\Lumen\Application->handleFoundRoute(Array)
#17 E:\WWW\mall\vendor\laravel\lumen-framework\src\Concerns\RoutesRequests.php(629): Laravel\Lumen\Application->Laravel\Lumen\Concerns\{closure}()
#18 E:\WWW\mall\vendor\laravel\lumen-framework\src\Concerns\RoutesRequests.php(382): Laravel\Lumen\Application->sendThroughPipeline(Array, Object(Closure))
#19 E:\WWW\mall\vendor\laravel\lumen-framework\src\Concerns\RoutesRequests.php(327): Laravel\Lumen\Application->dispatch(NULL)
#20 E:\WWW\mall\public\index.php(28): Laravel\Lumen\Application->run()
#21 {main}

Next ErrorException: View [layouts.common] not found. (View: E:\WWW\mall\resources\views\home\index\index.blade.php) in E:\WWW\mall\vendor\illuminate\view\FileViewFinder.php:137
Stack trace:
#0 E:\WWW\mall\vendor\illuminate\view\Engines\PhpEngine.php(44): Illuminate\View\Engines\CompilerEngine->handleViewException(Object(InvalidArgumentException), 1)
#1 E:\WWW\mall\vendor\illuminate\view\Engines\CompilerEngine.php(59): Illuminate\View\Engines\PhpEngine->evaluatePath('/75faeb177b1918...', Array)
#2 E:\WWW\mall\vendor\illuminate\view\View.php(147): Illuminate\View\Engines\CompilerEngine->get('E:\\WWW\\mall\\res...', Array)
#3 E:\WWW\mall\vendor\illuminate\view\View.php(118): Illuminate\View\View->getContents()
#4 E:\WWW\mall\vendor\illuminate\view\View.php(83): Illuminate\View\View->renderContents()
#5 E:\WWW\mall\vendor\illuminate\http\Response.php(53): Illuminate\View\View->render()
#6 E:\WWW\mall\vendor\symfony\http-foundation\Response.php(199): Illuminate\Http\Response->setContent(Object(Illuminate\View\View))
#7 E:\WWW\mall\vendor\laravel\lumen-framework\src\Concerns\RoutesRequests.php(643): Symfony\Component\HttpFoundation\Response->__construct(Object(Illuminate\View\View))
#8 E:\WWW\mall\vendor\laravel\lumen-framework\src\Concerns\RoutesRequests.php(586): Laravel\Lumen\Application->prepareResponse(Object(Illuminate\View\View))
#9 E:\WWW\mall\vendor\laravel\lumen-framework\src\Concerns\RoutesRequests.php(552): Laravel\Lumen\Application->callControllerCallable(Array, Array)
#10 E:\WWW\mall\vendor\laravel\lumen-framework\src\Concerns\RoutesRequests.php(526): Laravel\Lumen\Application->callLumenController(Object(App\Http\Controllers\Home\IndexController), 'index', Array)
#11 E:\WWW\mall\vendor\laravel\lumen-framework\src\Concerns\RoutesRequests.php(494): Laravel\Lumen\Application->callControllerAction(Array)
#12 E:\WWW\mall\vendor\laravel\lumen-framework\src\Concerns\RoutesRequests.php(479): Laravel\Lumen\Application->callActionOnArrayBasedRoute(Array)
#13 E:\WWW\mall\vendor\laravel\lumen-framework\src\Concerns\RoutesRequests.php(376): Laravel\Lumen\Application->handleFoundRoute(Array)
#14 E:\WWW\mall\vendor\laravel\lumen-framework\src\Concerns\RoutesRequests.php(629): Laravel\Lumen\Application->Laravel\Lumen\Concerns\{closure}()
#15 E:\WWW\mall\vendor\laravel\lumen-framework\src\Concerns\RoutesRequests.php(382): Laravel\Lumen\Application->sendThroughPipeline(Array, Object(Closure))
#16 E:\WWW\mall\vendor\laravel\lumen-framework\src\Concerns\RoutesRequests.php(327): Laravel\Lumen\Application->dispatch(NULL)
#17 E:\WWW\mall\public\index.php(28): Laravel\Lumen\Application->run()
#18 {main}  
[2016-04-13 07:58:12] lumen.ERROR: InvalidArgumentException: View [__layout.common] not found. in E:\WWW\mall\vendor\illuminate\view\FileViewFinder.php:137
Stack trace:
#0 E:\WWW\mall\vendor\illuminate\view\FileViewFinder.php(79): Illuminate\View\FileViewFinder->findInPaths('__layout.common', Array)
#1 E:\WWW\mall\vendor\illuminate\view\Factory.php(165): Illuminate\View\FileViewFinder->find('__layout.common')
#2 E:\75faeb177b1918b98c76f2e8a744e2bcdbb98366.php(74): Illuminate\View\Factory->make('__layout.common', Array)
#3 E:\WWW\mall\vendor\illuminate\view\Engines\PhpEngine.php(42): include('E:\\75faeb177b19...')
#4 E:\WWW\mall\vendor\illuminate\view\Engines\CompilerEngine.php(59): Illuminate\View\Engines\PhpEngine->evaluatePath('/75faeb177b1918...', Array)
#5 E:\WWW\mall\vendor\illuminate\view\View.php(147): Illuminate\View\Engines\CompilerEngine->get('E:\\WWW\\mall\\res...', Array)
#6 E:\WWW\mall\vendor\illuminate\view\View.php(118): Illuminate\View\View->getContents()
#7 E:\WWW\mall\vendor\illuminate\view\View.php(83): Illuminate\View\View->renderContents()
#8 E:\WWW\mall\vendor\illuminate\http\Response.php(53): Illuminate\View\View->render()
#9 E:\WWW\mall\vendor\symfony\http-foundation\Response.php(199): Illuminate\Http\Response->setContent(Object(Illuminate\View\View))
#10 E:\WWW\mall\vendor\laravel\lumen-framework\src\Concerns\RoutesRequests.php(643): Symfony\Component\HttpFoundation\Response->__construct(Object(Illuminate\View\View))
#11 E:\WWW\mall\vendor\laravel\lumen-framework\src\Concerns\RoutesRequests.php(586): Laravel\Lumen\Application->prepareResponse(Object(Illuminate\View\View))
#12 E:\WWW\mall\vendor\laravel\lumen-framework\src\Concerns\RoutesRequests.php(552): Laravel\Lumen\Application->callControllerCallable(Array, Array)
#13 E:\WWW\mall\vendor\laravel\lumen-framework\src\Concerns\RoutesRequests.php(526): Laravel\Lumen\Application->callLumenController(Object(App\Http\Controllers\Home\IndexController), 'index', Array)
#14 E:\WWW\mall\vendor\laravel\lumen-framework\src\Concerns\RoutesRequests.php(494): Laravel\Lumen\Application->callControllerAction(Array)
#15 E:\WWW\mall\vendor\laravel\lumen-framework\src\Concerns\RoutesRequests.php(479): Laravel\Lumen\Application->callActionOnArrayBasedRoute(Array)
#16 E:\WWW\mall\vendor\laravel\lumen-framework\src\Concerns\RoutesRequests.php(376): Laravel\Lumen\Application->handleFoundRoute(Array)
#17 E:\WWW\mall\vendor\laravel\lumen-framework\src\Concerns\RoutesRequests.php(629): Laravel\Lumen\Application->Laravel\Lumen\Concerns\{closure}()
#18 E:\WWW\mall\vendor\laravel\lumen-framework\src\Concerns\RoutesRequests.php(382): Laravel\Lumen\Application->sendThroughPipeline(Array, Object(Closure))
#19 E:\WWW\mall\vendor\laravel\lumen-framework\src\Concerns\RoutesRequests.php(327): Laravel\Lumen\Application->dispatch(NULL)
#20 E:\WWW\mall\public\index.php(28): Laravel\Lumen\Application->run()
#21 {main}

Next ErrorException: View [__layout.common] not found. (View: E:\WWW\mall\resources\views\home\index\index.blade.php) in E:\WWW\mall\vendor\illuminate\view\FileViewFinder.php:137
Stack trace:
#0 E:\WWW\mall\vendor\illuminate\view\Engines\PhpEngine.php(44): Illuminate\View\Engines\CompilerEngine->handleViewException(Object(InvalidArgumentException), 1)
#1 E:\WWW\mall\vendor\illuminate\view\Engines\CompilerEngine.php(59): Illuminate\View\Engines\PhpEngine->evaluatePath('/75faeb177b1918...', Array)
#2 E:\WWW\mall\vendor\illuminate\view\View.php(147): Illuminate\View\Engines\CompilerEngine->get('E:\\WWW\\mall\\res...', Array)
#3 E:\WWW\mall\vendor\illuminate\view\View.php(118): Illuminate\View\View->getContents()
#4 E:\WWW\mall\vendor\illuminate\view\View.php(83): Illuminate\View\View->renderContents()
#5 E:\WWW\mall\vendor\illuminate\http\Response.php(53): Illuminate\View\View->render()
#6 E:\WWW\mall\vendor\symfony\http-foundation\Response.php(199): Illuminate\Http\Response->setContent(Object(Illuminate\View\View))
#7 E:\WWW\mall\vendor\laravel\lumen-framework\src\Concerns\RoutesRequests.php(643): Symfony\Component\HttpFoundation\Response->__construct(Object(Illuminate\View\View))
#8 E:\WWW\mall\vendor\laravel\lumen-framework\src\Concerns\RoutesRequests.php(586): Laravel\Lumen\Application->prepareResponse(Object(Illuminate\View\View))
#9 E:\WWW\mall\vendor\laravel\lumen-framework\src\Concerns\RoutesRequests.php(552): Laravel\Lumen\Application->callControllerCallable(Array, Array)
#10 E:\WWW\mall\vendor\laravel\lumen-framework\src\Concerns\RoutesRequests.php(526): Laravel\Lumen\Application->callLumenController(Object(App\Http\Controllers\Home\IndexController), 'index', Array)
#11 E:\WWW\mall\vendor\laravel\lumen-framework\src\Concerns\RoutesRequests.php(494): Laravel\Lumen\Application->callControllerAction(Array)
#12 E:\WWW\mall\vendor\laravel\lumen-framework\src\Concerns\RoutesRequests.php(479): Laravel\Lumen\Application->callActionOnArrayBasedRoute(Array)
#13 E:\WWW\mall\vendor\laravel\lumen-framework\src\Concerns\RoutesRequests.php(376): Laravel\Lumen\Application->handleFoundRoute(Array)
#14 E:\WWW\mall\vendor\laravel\lumen-framework\src\Concerns\RoutesRequests.php(629): Laravel\Lumen\Application->Laravel\Lumen\Concerns\{closure}()
#15 E:\WWW\mall\vendor\laravel\lumen-framework\src\Concerns\RoutesRequests.php(382): Laravel\Lumen\Application->sendThroughPipeline(Array, Object(Closure))
#16 E:\WWW\mall\vendor\laravel\lumen-framework\src\Concerns\RoutesRequests.php(327): Laravel\Lumen\Application->dispatch(NULL)
#17 E:\WWW\mall\public\index.php(28): Laravel\Lumen\Application->run()
#18 {main}  
[2016-04-13 08:06:56] lumen.ERROR: ErrorException: Object of class App\Widget\Home\Common could not be converted to string in E:\75faeb177b1918b98c76f2e8a744e2bcdbb98366.php:35
Stack trace:
#0 E:\75faeb177b1918b98c76f2e8a744e2bcdbb98366.php(35): Laravel\Lumen\Application->Laravel\Lumen\Concerns\{closure}(4096, 'Object of class...', 'E:\\75faeb177b19...', 35, Array)
#1 E:\WWW\mall\vendor\illuminate\view\Engines\PhpEngine.php(42): include('E:\\75faeb177b19...')
#2 E:\WWW\mall\vendor\illuminate\view\Engines\CompilerEngine.php(59): Illuminate\View\Engines\PhpEngine->evaluatePath('/75faeb177b1918...', Array)
#3 E:\WWW\mall\vendor\illuminate\view\View.php(147): Illuminate\View\Engines\CompilerEngine->get('E:\\WWW\\mall\\res...', Array)
#4 E:\WWW\mall\vendor\illuminate\view\View.php(118): Illuminate\View\View->getContents()
#5 E:\WWW\mall\vendor\illuminate\view\View.php(83): Illuminate\View\View->renderContents()
#6 E:\WWW\mall\vendor\illuminate\http\Response.php(53): Illuminate\View\View->render()
#7 E:\WWW\mall\vendor\symfony\http-foundation\Response.php(199): Illuminate\Http\Response->setContent(Object(Illuminate\View\View))
#8 E:\WWW\mall\vendor\laravel\lumen-framework\src\Concerns\RoutesRequests.php(643): Symfony\Component\HttpFoundation\Response->__construct(Object(Illuminate\View\View))
#9 E:\WWW\mall\vendor\laravel\lumen-framework\src\Concerns\RoutesRequests.php(586): Laravel\Lumen\Application->prepareResponse(Object(Illuminate\View\View))
#10 E:\WWW\mall\vendor\laravel\lumen-framework\src\Concerns\RoutesRequests.php(552): Laravel\Lumen\Application->callControllerCallable(Array, Array)
#11 E:\WWW\mall\vendor\laravel\lumen-framework\src\Concerns\RoutesRequests.php(526): Laravel\Lumen\Application->callLumenController(Object(App\Http\Controllers\Home\IndexController), 'index', Array)
#12 E:\WWW\mall\vendor\laravel\lumen-framework\src\Concerns\RoutesRequests.php(494): Laravel\Lumen\Application->callControllerAction(Array)
#13 E:\WWW\mall\vendor\laravel\lumen-framework\src\Concerns\RoutesRequests.php(479): Laravel\Lumen\Application->callActionOnArrayBasedRoute(Array)
#14 E:\WWW\mall\vendor\laravel\lumen-framework\src\Concerns\RoutesRequests.php(376): Laravel\Lumen\Application->handleFoundRoute(Array)
#15 E:\WWW\mall\vendor\laravel\lumen-framework\src\Concerns\RoutesRequests.php(629): Laravel\Lumen\Application->Laravel\Lumen\Concerns\{closure}()
#16 E:\WWW\mall\vendor\laravel\lumen-framework\src\Concerns\RoutesRequests.php(382): Laravel\Lumen\Application->sendThroughPipeline(Array, Object(Closure))
#17 E:\WWW\mall\vendor\laravel\lumen-framework\src\Concerns\RoutesRequests.php(327): Laravel\Lumen\Application->dispatch(NULL)
#18 E:\WWW\mall\public\index.php(28): Laravel\Lumen\Application->run()
#19 {main}

Next ErrorException: Object of class App\Widget\Home\Common could not be converted to string (View: E:\WWW\mall\resources\views\home\index\index.blade.php) in E:\75faeb177b1918b98c76f2e8a744e2bcdbb98366.php:35
Stack trace:
#0 E:\WWW\mall\vendor\illuminate\view\Engines\PhpEngine.php(44): Illuminate\View\Engines\CompilerEngine->handleViewException(Object(ErrorException), 1)
#1 E:\WWW\mall\vendor\illuminate\view\Engines\CompilerEngine.php(59): Illuminate\View\Engines\PhpEngine->evaluatePath('/75faeb177b1918...', Array)
#2 E:\WWW\mall\vendor\illuminate\view\View.php(147): Illuminate\View\Engines\CompilerEngine->get('E:\\WWW\\mall\\res...', Array)
#3 E:\WWW\mall\vendor\illuminate\view\View.php(118): Illuminate\View\View->getContents()
#4 E:\WWW\mall\vendor\illuminate\view\View.php(83): Illuminate\View\View->renderContents()
#5 E:\WWW\mall\vendor\illuminate\http\Response.php(53): Illuminate\View\View->render()
#6 E:\WWW\mall\vendor\symfony\http-foundation\Response.php(199): Illuminate\Http\Response->setContent(Object(Illuminate\View\View))
#7 E:\WWW\mall\vendor\laravel\lumen-framework\src\Concerns\RoutesRequests.php(643): Symfony\Component\HttpFoundation\Response->__construct(Object(Illuminate\View\View))
#8 E:\WWW\mall\vendor\laravel\lumen-framework\src\Concerns\RoutesRequests.php(586): Laravel\Lumen\Application->prepareResponse(Object(Illuminate\View\View))
#9 E:\WWW\mall\vendor\laravel\lumen-framework\src\Concerns\RoutesRequests.php(552): Laravel\Lumen\Application->callControllerCallable(Array, Array)
#10 E:\WWW\mall\vendor\laravel\lumen-framework\src\Concerns\RoutesRequests.php(526): Laravel\Lumen\Application->callLumenController(Object(App\Http\Controllers\Home\IndexController), 'index', Array)
#11 E:\WWW\mall\vendor\laravel\lumen-framework\src\Concerns\RoutesRequests.php(494): Laravel\Lumen\Application->callControllerAction(Array)
#12 E:\WWW\mall\vendor\laravel\lumen-framework\src\Concerns\RoutesRequests.php(479): Laravel\Lumen\Application->callActionOnArrayBasedRoute(Array)
#13 E:\WWW\mall\vendor\laravel\lumen-framework\src\Concerns\RoutesRequests.php(376): Laravel\Lumen\Application->handleFoundRoute(Array)
#14 E:\WWW\mall\vendor\laravel\lumen-framework\src\Concerns\RoutesRequests.php(629): Laravel\Lumen\Application->Laravel\Lumen\Concerns\{closure}()
#15 E:\WWW\mall\vendor\laravel\lumen-framework\src\Concerns\RoutesRequests.php(382): Laravel\Lumen\Application->sendThroughPipeline(Array, Object(Closure))
#16 E:\WWW\mall\vendor\laravel\lumen-framework\src\Concerns\RoutesRequests.php(327): Laravel\Lumen\Application->dispatch(NULL)
#17 E:\WWW\mall\public\index.php(28): Laravel\Lumen\Application->run()
#18 {main}  
[2016-04-13 08:43:36] lumen.ERROR: InvalidArgumentException: View [home.member.order] not found. in E:\WWW\mall\vendor\illuminate\view\FileViewFinder.php:137
Stack trace:
#0 E:\WWW\mall\vendor\illuminate\view\FileViewFinder.php(79): Illuminate\View\FileViewFinder->findInPaths('home.member.ord...', Array)
#1 E:\WWW\mall\vendor\illuminate\view\Factory.php(165): Illuminate\View\FileViewFinder->find('home.member.ord...')
#2 E:\WWW\mall\vendor\laravel\lumen-framework\src\helpers.php(332): Illuminate\View\Factory->make('home.member.ord...', Array, Array)
#3 E:\WWW\mall\app\Http\Controllers\Home\MemberController.php(21): view('home.member.ord...')
#4 [internal function]: App\Http\Controllers\Home\MemberController->order('member/order')
#5 E:\WWW\mall\app\Services\Routes.php(73): call_user_func(Array, 'member/order')
#6 [internal function]: App\Services\Routes->App\Services\{closure}('member/order')
#7 E:\WWW\mall\vendor\illuminate\container\Container.php(507): call_user_func_array(Object(Closure), Array)
#8 E:\WWW\mall\vendor\laravel\lumen-framework\src\Concerns\RoutesRequests.php(505): Illuminate\Container\Container->call(Object(Closure), Array)
#9 E:\WWW\mall\vendor\laravel\lumen-framework\src\Concerns\RoutesRequests.php(479): Laravel\Lumen\Application->callActionOnArrayBasedRoute(Array)
#10 E:\WWW\mall\vendor\laravel\lumen-framework\src\Concerns\RoutesRequests.php(449): Laravel\Lumen\Application->handleFoundRoute(Array)
#11 E:\WWW\mall\vendor\laravel\lumen-framework\src\Concerns\RoutesRequests.php(380): Laravel\Lumen\Application->handleDispatcherResponse(Array)
#12 E:\WWW\mall\vendor\laravel\lumen-framework\src\Concerns\RoutesRequests.php(629): Laravel\Lumen\Application->Laravel\Lumen\Concerns\{closure}()
#13 E:\WWW\mall\vendor\laravel\lumen-framework\src\Concerns\RoutesRequests.php(382): Laravel\Lumen\Application->sendThroughPipeline(Array, Object(Closure))
#14 E:\WWW\mall\vendor\laravel\lumen-framework\src\Concerns\RoutesRequests.php(327): Laravel\Lumen\Application->dispatch(NULL)
#15 E:\WWW\mall\public\index.php(28): Laravel\Lumen\Application->run()
#16 {main}  
[2016-04-13 08:43:37] lumen.ERROR: InvalidArgumentException: View [home.member.order] not found. in E:\WWW\mall\vendor\illuminate\view\FileViewFinder.php:137
Stack trace:
#0 E:\WWW\mall\vendor\illuminate\view\FileViewFinder.php(79): Illuminate\View\FileViewFinder->findInPaths('home.member.ord...', Array)
#1 E:\WWW\mall\vendor\illuminate\view\Factory.php(165): Illuminate\View\FileViewFinder->find('home.member.ord...')
#2 E:\WWW\mall\vendor\laravel\lumen-framework\src\helpers.php(332): Illuminate\View\Factory->make('home.member.ord...', Array, Array)
#3 E:\WWW\mall\app\Http\Controllers\Home\MemberController.php(21): view('home.member.ord...')
#4 [internal function]: App\Http\Controllers\Home\MemberController->order('member/order')
#5 E:\WWW\mall\app\Services\Routes.php(73): call_user_func(Array, 'member/order')
#6 [internal function]: App\Services\Routes->App\Services\{closure}('member/order')
#7 E:\WWW\mall\vendor\illuminate\container\Container.php(507): call_user_func_array(Object(Closure), Array)
#8 E:\WWW\mall\vendor\laravel\lumen-framework\src\Concerns\RoutesRequests.php(505): Illuminate\Container\Container->call(Object(Closure), Array)
#9 E:\WWW\mall\vendor\laravel\lumen-framework\src\Concerns\RoutesRequests.php(479): Laravel\Lumen\Application->callActionOnArrayBasedRoute(Array)
#10 E:\WWW\mall\vendor\laravel\lumen-framework\src\Concerns\RoutesRequests.php(449): Laravel\Lumen\Application->handleFoundRoute(Array)
#11 E:\WWW\mall\vendor\laravel\lumen-framework\src\Concerns\RoutesRequests.php(380): Laravel\Lumen\Application->handleDispatcherResponse(Array)
#12 E:\WWW\mall\vendor\laravel\lumen-framework\src\Concerns\RoutesRequests.php(629): Laravel\Lumen\Application->Laravel\Lumen\Concerns\{closure}()
#13 E:\WWW\mall\vendor\laravel\lumen-framework\src\Concerns\RoutesRequests.php(382): Laravel\Lumen\Application->sendThroughPipeline(Array, Object(Closure))
#14 E:\WWW\mall\vendor\laravel\lumen-framework\src\Concerns\RoutesRequests.php(327): Laravel\Lumen\Application->dispatch(NULL)
#15 E:\WWW\mall\public\index.php(28): Laravel\Lumen\Application->run()
#16 {main}  
